#
# There is insufficient memory for the Java Runtime Environment to continue.
# Native memory allocation (mmap) failed to map 264241152 bytes for G1 virtual space
# Possible reasons:
#   The system is out of physical RAM or swap space
#   The process is running with CompressedOops enabled, and the Java Heap may be blocking the growth of the native heap
# Possible solutions:
#   Reduce memory load on the system
#   Increase physical memory or swap space
#   Check if swap backing store is full
#   Decrease Java heap size (-Xmx/-Xms)
#   Decrease number of Java threads
#   Decrease Java thread stack sizes (-Xss)
#   Set larger code cache with -XX:ReservedCodeCacheSize=
#   JVM is running with Zero Based Compressed Oops mode in which the Java heap is
#     placed in the first 32GB address space. The Java Heap base address is the
#     maximum limit for the native heap growth. Please use -XX:HeapBaseMinAddress
#     to set the Java Heap base and to place the Java Heap above 32GB virtual address.
# This output file may be truncated or incomplete.
#
#  Out of Memory Error (os_windows.cpp:3548), pid=8780, tid=25724
#
# JRE version:  (17.0.12+8) (build )
# Java VM: Java HotSpot(TM) 64-Bit Server VM (17.0.12+8-LTS-286, mixed mode, sharing, tiered, compressed oops, compressed class ptrs, g1 gc, windows-amd64)
# No core dump will be written. Minidumps are not enabled by default on client versions of Windows
#

---------------  S U M M A R Y ------------

Command Line: --enable-native-access=ALL-UNNAMED 

Host: 12th Gen Intel(R) Core(TM) i5-12450H, 12 cores, 15G,  Windows 11 , 64 bit Build 26100 (10.0.26100.7705)
Time: Thu Mar 12 12:23:03 2026 Paris, Madrid elapsed time: 1.065576 seconds (0d 0h 0m 1s)

---------------  T H R E A D  ---------------

Current thread (0x0000023c37c92360):  JavaThread "Unknown thread" [_thread_in_vm, id=25724, stack(0x000000d5ba200000,0x000000d5ba300000)]

Stack: [0x000000d5ba200000,0x000000d5ba300000]
Native frames: (J=compiled Java code, j=interpreted, Vv=VM code, C=native code)
V  [jvm.dll+0x67a04a]
V  [jvm.dll+0x7da4ed]
V  [jvm.dll+0x7dbe33]
V  [jvm.dll+0x7dc4a3]
V  [jvm.dll+0x24508f]
V  [jvm.dll+0x677089]
V  [jvm.dll+0x66bd32]
V  [jvm.dll+0x301fa6]
V  [jvm.dll+0x309546]
V  [jvm.dll+0x359d2e]
V  [jvm.dll+0x359f5f]
V  [jvm.dll+0x2d9078]
V  [jvm.dll+0x2d9fe4]
V  [jvm.dll+0x7aca21]
V  [jvm.dll+0x367591]
V  [jvm.dll+0x78b999]
V  [jvm.dll+0x3ec83f]
V  [jvm.dll+0x3ee471]
C  [jli.dll+0x5297]
C  [ucrtbase.dll+0x37b0]
C  [KERNEL32.DLL+0x2e8d7]
C  [ntdll.dll+0x8c40c]


---------------  P R O C E S S  ---------------

Threads class SMR info:
_java_thread_list=0x00007ffb33367a18, length=0, elements={
}

Java Threads: ( => current thread )

Other Threads:
  0x0000023c37d01630 GCTaskThread "GC Thread#0" [stack: 0x000000d5ba300000,0x000000d5ba400000] [id=15876]
  0x0000023c37d135b0 ConcurrentGCThread "G1 Main Marker" [stack: 0x000000d5ba400000,0x000000d5ba500000] [id=11992]
  0x0000023c37d13fd0 ConcurrentGCThread "G1 Conc#0" [stack: 0x000000d5ba500000,0x000000d5ba600000] [id=5896]

[error occurred during error reporting (printing all threads), id 0xc0000005, EXCEPTION_ACCESS_VIOLATION (0xc0000005) at pc=0x00007ffb32b99b67]

VM state: not at safepoint (not fully initialized)

VM Mutex/Monitor currently owned by a thread:  ([mutex/lock_event])
[0x0000023c37c909a0] Heap_lock - owner thread: 0x0000023c37c92360

Heap address: 0x0000000704400000, size: 4028 MB, Compressed Oops mode: Zero based, Oop shift amount: 3

CDS archive(s) mapped at: [0x0000000000000000-0x0000000000000000-0x0000000000000000), size 0, SharedBaseAddress: 0x0000000800000000, ArchiveRelocationMode: 1.
Narrow klass base: 0x0000000000000000, Narrow klass shift: 0, Narrow klass range: 0x0

GC Precious Log:
<Empty>

Heap:
 garbage-first heap   total 0K, used 0K [0x0000000704400000, 0x0000000800000000)
  region size 2048K, 0 young (0K), 0 survivors (0K)

[error occurred during error reporting (printing heap information), id 0xc0000005, EXCEPTION_ACCESS_VIOLATION (0xc0000005) at pc=0x00007ffb32f83859]

GC Heap History (0 events):
No events

Deoptimization events (0 events):
No events

Classes unloaded (0 events):
No events

Classes redefined (0 events):
No events

Internal exceptions (0 events):
No events

VM Operations (0 events):
No events

Events (1 events):
Event: 0.014 Loaded shared library C:\Program Files\Java\jdk-17\bin\java.dll


Dynamic libraries:
0x00007ff721a30000 - 0x00007ff721a40000 	C:\Program Files\Java\jdk-17\bin\java.exe
0x00007ffc23c80000 - 0x00007ffc23ee8000 	C:\Windows\SYSTEM32\ntdll.dll
0x00007ffc22630000 - 0x00007ffc226f9000 	C:\Windows\System32\KERNEL32.DLL
0x00007ffc214d0000 - 0x00007ffc218c1000 	C:\Windows\System32\KERNELBASE.dll
0x00007ffc20610000 - 0x00007ffc2075b000 	C:\Windows\System32\ucrtbase.dll
0x00007ffbeab10000 - 0x00007ffbeab29000 	C:\Program Files\Java\jdk-17\bin\jli.dll
0x00007ffc21ac0000 - 0x00007ffc21b74000 	C:\Windows\System32\ADVAPI32.dll
0x00007ffbccea0000 - 0x00007ffbccebb000 	C:\Program Files\Java\jdk-17\bin\VCRUNTIME140.dll
0x00007ffc22580000 - 0x00007ffc22629000 	C:\Windows\System32\msvcrt.dll
0x00007ffc23760000 - 0x00007ffc23806000 	C:\Windows\System32\sechost.dll
0x00007ffc23a20000 - 0x00007ffc23b38000 	C:\Windows\System32\RPCRT4.dll
0x00007ffc22aa0000 - 0x00007ffc22c66000 	C:\Windows\System32\USER32.dll
0x00007ffc21140000 - 0x00007ffc21167000 	C:\Windows\System32\win32u.dll
0x00007ffc21a90000 - 0x00007ffc21abb000 	C:\Windows\System32\GDI32.dll
0x00007ffc05e60000 - 0x00007ffc060f3000 	C:\Windows\WinSxS\amd64_microsoft.windows.common-controls_6595b64144ccf1df_6.0.26100.7824_none_3e0870b2e3345462\COMCTL32.dll
0x00007ffc21170000 - 0x00007ffc2129b000 	C:\Windows\System32\gdi32full.dll
0x00007ffc212a0000 - 0x00007ffc21343000 	C:\Windows\System32\msvcp_win.dll
0x00007ffc0e650000 - 0x00007ffc0e65b000 	C:\Windows\SYSTEM32\VERSION.dll
0x00007ffc22010000 - 0x00007ffc22041000 	C:\Windows\System32\IMM32.DLL
0x00007ffbeac10000 - 0x00007ffbeac1c000 	C:\Program Files\Java\jdk-17\bin\vcruntime140_1.dll
0x00007ffb47040000 - 0x00007ffb470ce000 	C:\Program Files\Java\jdk-17\bin\msvcp140.dll
0x00007ffb328b0000 - 0x00007ffb33490000 	C:\Program Files\Java\jdk-17\bin\server\jvm.dll
0x00007ffc22350000 - 0x00007ffc22358000 	C:\Windows\System32\PSAPI.DLL
0x00007ffbfe490000 - 0x00007ffbfe49a000 	C:\Windows\SYSTEM32\WSOCK32.dll
0x00007ffc18630000 - 0x00007ffc18665000 	C:\Windows\SYSTEM32\WINMM.dll
0x00007ffc22360000 - 0x00007ffc223d4000 	C:\Windows\System32\WS2_32.dll
0x00007ffc1f300000 - 0x00007ffc1f31b000 	C:\Windows\SYSTEM32\kernel.appcore.dll
0x00007ffbdcb60000 - 0x00007ffbdcb6a000 	C:\Program Files\Java\jdk-17\bin\jimage.dll
0x00007ffc1e420000 - 0x00007ffc1e662000 	C:\Windows\SYSTEM32\DBGHELP.DLL
0x00007ffc233d0000 - 0x00007ffc23756000 	C:\Windows\System32\combase.dll
0x00007ffc22700000 - 0x00007ffc227d7000 	C:\Windows\System32\OLEAUT32.dll
0x00007ffc08e90000 - 0x00007ffc08ecb000 	C:\Windows\SYSTEM32\dbgcore.DLL
0x00007ffc20560000 - 0x00007ffc20605000 	C:\Windows\System32\bcryptPrimitives.dll
0x00007ffb91970000 - 0x00007ffb91995000 	C:\Program Files\Java\jdk-17\bin\java.dll

dbghelp: loaded successfully - version: 4.0.5 - missing functions: none
symbol engine: initialized successfully - sym options: 0x614 - pdb path: .;C:\Program Files\Java\jdk-17\bin;C:\Windows\SYSTEM32;C:\Windows\WinSxS\amd64_microsoft.windows.common-controls_6595b64144ccf1df_6.0.26100.7824_none_3e0870b2e3345462;C:\Program Files\Java\jdk-17\bin\server

VM Arguments:
jvm_args: --enable-native-access=ALL-UNNAMED 
java_command: <unknown>
java_class_path (initial): <not set>
Launcher Type: SUN_STANDARD

[Global flags]
     intx CICompilerCount                          = 4                                         {product} {ergonomic}
     uint ConcGCThreads                            = 3                                         {product} {ergonomic}
     uint G1ConcRefinementThreads                  = 10                                        {product} {ergonomic}
   size_t G1HeapRegionSize                         = 2097152                                   {product} {ergonomic}
    uintx GCDrainStackTargetSize                   = 64                                        {product} {ergonomic}
   size_t InitialHeapSize                          = 264241152                                 {product} {ergonomic}
   size_t MarkStackSize                            = 4194304                                   {product} {ergonomic}
   size_t MaxHeapSize                              = 4223664128                                {product} {ergonomic}
   size_t MinHeapDeltaBytes                        = 2097152                                   {product} {ergonomic}
   size_t MinHeapSize                              = 8388608                                   {product} {ergonomic}
    uintx NonNMethodCodeHeapSize                   = 5839372                                {pd product} {ergonomic}
    uintx NonProfiledCodeHeapSize                  = 122909434                              {pd product} {ergonomic}
    uintx ProfiledCodeHeapSize                     = 122909434                              {pd product} {ergonomic}
    uintx ReservedCodeCacheSize                    = 251658240                              {pd product} {ergonomic}
     bool SegmentedCodeCache                       = true                                      {product} {ergonomic}
   size_t SoftMaxHeapSize                          = 4223664128                             {manageable} {ergonomic}
     bool UseCompressedClassPointers               = true                           {product lp64_product} {ergonomic}
     bool UseCompressedOops                        = true                           {product lp64_product} {ergonomic}
     bool UseG1GC                                  = true                                      {product} {ergonomic}
     bool UseLargePagesIndividualAllocation        = false                                  {pd product} {ergonomic}

Logging:
Log output configuration:
 #0: stdout all=warning uptime,level,tags
 #1: stderr all=off uptime,level,tags

Environment Variables:
PATH=C:\Users\alaou\bin;C:\Program Files\Git\mingw64\bin;C:\Program Files\Git\usr\local\bin;C:\Program Files\Git\usr\bin;C:\Program Files\Git\usr\bin;C:\Program Files\Git\mingw64\bin;C:\Program Files\Git\usr\bin;C:\Users\alaou\bin;C:\Program Files\Common Files\Oracle\Java\javapath;C:\Program Files (x86)\Common Files\Oracle\Java\java8path;C:\Program Files (x86)\Common Files\Oracle\Java\javapath;C:\Program Files\Eclipse Adoptium\jdk-25.0.0.36-hotspot\bin;C:\Windows\System32\HWAudioDriver;C:\Windows\system32;C:\Windows;C:\Windows\System32\Wbem;C:\Windows\System32\WindowsPowerShell\v1.0;C:\Windows\System32\OpenSSH;C:\Users\Administrator\AppData\Local\Microsoft\WindowsApps;C:\TDM-GCC-64\bin;C:\Windows\system32;C:\Windows;C:\Windows\System32\Wbem;C:\Windows\System32\WindowsPowerShell\v1.0;C:\Windows\System32\OpenSSH;C:\Program Files\nodejs;C:\ProgramData\chocolatey\bin;C:\Users\TonNomUtilisateur\AppData\Local\Programs\Microsoft VS Code\bin;C:\Users\alaou\AppData\Local\Programs\Microsoft VS Code\bin;C:\laragon\bin\php\php-8.3.22;C:\Program Files\Java\jdk-17.0.8\bin;C:\Program Files (x86)\Microsoft SQL Server\160\Tools\Binn;C:\Program Files\Microsoft SQL Server\160\Tools\Binn;C:\Program Files\Microsoft SQL Server\Client SDK\ODBC\170\Tools\Binn;C:\Program Files\Microsoft SQL Server\160\DTS\Binn;C:\Program Files\Git\cmd;C:\Users\alaou\AppData\Local\Programs\Eclipse Adoptium\jdk-17.0.16.8-hotspot\bin;C:\Users\alaou\AppData\Local\Microsoft\WindowsApps;C:\Users\alaou\OneDrive\bin;C:\laragon\bin\php\php-8.3.22;C:\Users\alaou\AppData\Roaming\Composer\vendor\bin;C:\Users\alaou\AppData\Local\ComposerSetup\bin;C:\Users\alaou\composer;C:\Users\alaou\AppData\Roaming\npm;C:\Users\alaou\AppData\Local\Programs\Microsoft VS Code\bin;C:\Users\alaou\apache-maven-3.9.13\bin;C:\Program Files\Git\usr\bin\vendor_perl;C:\Program Files\Git\usr\bin\core_perl
USERNAME=alaou
SHELL=C:\Program Files\Git\usr\bin\bash.exe
DISPLAY=needs-to-be-defined
LC_CTYPE=fr_FR.UTF-8
OS=Windows_NT
PROCESSOR_IDENTIFIER=Intel64 Family 6 Model 154 Stepping 3, GenuineIntel



---------------  S Y S T E M  ---------------

OS:
 Windows 11 , 64 bit Build 26100 (10.0.26100.7705)
OS uptime: 0 days 3:41 hours
Hyper-V role detected

CPU: total 12 (initial active 12) (6 cores per cpu, 2 threads per core) family 6 model 154 stepping 3 microcode 0x426, cx8, cmov, fxsr, ht, mmx, 3dnowpref, sse, sse2, sse3, ssse3, sse4.1, sse4.2, popcnt, lzcnt, tsc, tscinvbit, avx, avx2, aes, erms, clmul, bmi1, bmi2, adx, sha, fma, vzeroupper, clflush, clflushopt, clwb, hv

Memory: 4k page, system-wide physical 16108M (3940M free)
TotalPageFile size 16108M (AvailPageFile size 175M)
current process WorkingSet (physical memory assigned to process): 12M, peak: 12M
current process commit charge ("private bytes"): 64M, peak: 316M

vm_info: Java HotSpot(TM) 64-Bit Server VM (17.0.12+8-LTS-286) for windows-amd64 JRE (17.0.12+8-LTS-286), built on Jun  5 2024 06:46:59 by "mach5one" with MS VC++ 17.6 (VS2022)

END.
